<?xml version="1.0" encoding="UTF-8"?>
<!-- Generated by org.testng.reporters.JUnitReportReporter -->
<testsuite hostname="CS-RAFILAP" failures="0" tests="3" name="chromeDevToolsMobileViewPort.ChromeDevToolsMobileViewPortTest" time="30.019" errors="0" timestamp="23 Mar 2021 09:30:45 GMT" skipped="0">
  <testcase classname="chromeDevToolsMobileViewPort.ChromeDevToolsMobileViewPortTest" name="ChromeDevToolsMobileViewPortTest_02" time="11.163"/>
  <testcase classname="chromeDevToolsMobileViewPort.ChromeDevToolsMobileViewPortTest" name="ChromeDevToolsMobileViewPortTest_01" time="10.310"/>
  <testcase classname="chromeDevToolsMobileViewPort.ChromeDevToolsMobileViewPortTest" name="ChromeDevToolsMobileViewPortTest_03" time="8.546"/>
</testsuite> <!-- chromeDevToolsMobileViewPort.ChromeDevToolsMobileViewPortTest -->
